<?xml version="1.0" encoding="UTF-8"?>
<!-- Generated by org.testng.reporters.JUnitReportReporter -->
<testsuite skipped="0" hostname="intel" name="Tests2.Test8_1_AskQuestion" tests="1" failures="0" timestamp="11 May 2017 07:23:10 GMT" time="56.005" errors="0">
  <testcase name="test" time="56.005" classname="Tests2.Test8_1_AskQuestion"/>
</testsuite> <!-- Tests2.Test8_1_AskQuestion -->
