<?xml version="1.0" encoding="UTF-8"?>
<!-- Generated by org.testng.reporters.JUnitReportReporter -->
<testsuite skipped="0" hostname="intel" name="Tests.Test7_4_SelectDeselectFilters" tests="1" failures="0" timestamp="05 May 2017 08:52:34 GMT" time="99.405" errors="0">
  <testcase name="test" time="99.405" classname="Tests.Test7_4_SelectDeselectFilters"/>
</testsuite> <!-- Tests.Test7_4_SelectDeselectFilters -->
