<?xml version="1.0" encoding="UTF-8"?>
<!-- Generated by org.testng.reporters.JUnitReportReporter -->
<testsuite skipped="0" hostname="intel" name="Tests1.Test6_6_CategoryCoupon" tests="1" failures="0" timestamp="23 Jun 2017 09:14:31 GMT" time="75.145" errors="0">
  <testcase name="test" time="75.145" classname="Tests1.Test6_6_CategoryCoupon"/>
</testsuite> <!-- Tests1.Test6_6_CategoryCoupon -->
