<?xml version="1.0" encoding="UTF-8"?>
<!-- Generated by org.testng.reporters.JUnitReportReporter -->
<testsuite skipped="0" hostname="intel" name="Tests.Test6_1_CouponsLink" tests="1" failures="0" timestamp="10 May 2017 10:11:11 GMT" time="23.734" errors="0">
  <testcase name="test" time="23.734" classname="Tests.Test6_1_CouponsLink"/>
</testsuite> <!-- Tests.Test6_1_CouponsLink -->
