<?xml version="1.0" encoding="UTF-8"?>
<!-- Generated by org.testng.reporters.JUnitReportReporter -->
<testsuite skipped="0" hostname="intel" name="Tests.Test7_1_DealsPage" tests="1" failures="0" timestamp="04 May 2017 09:05:21 GMT" time="20.159" errors="0">
  <testcase name="test" time="20.159" classname="Tests.Test7_1_DealsPage"/>
</testsuite> <!-- Tests.Test7_1_DealsPage -->
