<?xml version="1.0" encoding="UTF-8"?>
<!-- Generated by org.testng.reporters.JUnitReportReporter -->
<testsuite skipped="0" hostname="intel" name="Tests.Test2_3_DealsIcon" tests="1" failures="0" timestamp="23 Jun 2017 09:14:32 GMT" time="13.033" errors="0">
  <testcase name="test2" time="13.033" classname="Tests.Test2_3_DealsIcon"/>
</testsuite> <!-- Tests.Test2_3_DealsIcon -->
