<?xml version="1.0" encoding="UTF-8"?>
<!-- Generated by org.testng.reporters.JUnitReportReporter -->
<testsuite skipped="0" hostname="intel" name="Tests1.Test8_1_AskQuestion" tests="1" failures="0" timestamp="23 Jun 2017 09:14:31 GMT" time="56.039" errors="0">
  <testcase name="test" time="56.039" classname="Tests1.Test8_1_AskQuestion"/>
</testsuite> <!-- Tests1.Test8_1_AskQuestion -->
