<?xml version="1.0" encoding="UTF-8"?>
<!-- Generated by org.testng.reporters.JUnitReportReporter -->
<testsuite skipped="0" hostname="intel" name="Tests.Test5_9_ViewAllLinks" tests="1" failures="0" timestamp="23 Jun 2017 09:14:31 GMT" time="170.418" errors="0">
  <testcase name="test" time="170.418" classname="Tests.Test5_9_ViewAllLinks"/>
</testsuite> <!-- Tests.Test5_9_ViewAllLinks -->
