<?xml version="1.0" encoding="UTF-8"?>
<!-- Generated by org.testng.reporters.JUnitReportReporter -->
<testsuite skipped="0" hostname="intel" name="Tests.Test2_2_ProductsIcon" tests="1" failures="0" timestamp="23 Jun 2017 09:14:31 GMT" time="11.358" errors="0">
  <testcase name="test2" time="11.358" classname="Tests.Test2_2_ProductsIcon"/>
</testsuite> <!-- Tests.Test2_2_ProductsIcon -->
