<?xml version="1.0" encoding="UTF-8"?>
<!-- Generated by org.testng.reporters.JUnitReportReporter -->
<testsuite skipped="0" hostname="intel" name="Tests3.Test11_9_AddToWishlistFromFB" tests="1" failures="0" timestamp="23 Jun 2017 09:14:31 GMT" time="95.904" errors="0">
  <testcase name="test" time="95.904" classname="Tests3.Test11_9_AddToWishlistFromFB"/>
</testsuite> <!-- Tests3.Test11_9_AddToWishlistFromFB -->
