<?xml version="1.0" encoding="UTF-8"?>
<!-- Generated by org.testng.reporters.JUnitReportReporter -->
<testsuite skipped="0" hostname="intel" name="Tests.Test5_3_AndroidIOSButtons" tests="1" failures="0" timestamp="23 Jun 2017 09:14:31 GMT" time="53.606" errors="0">
  <testcase name="test" time="53.606" classname="Tests.Test5_3_AndroidIOSButtons"/>
</testsuite> <!-- Tests.Test5_3_AndroidIOSButtons -->
