<?xml version="1.0" encoding="UTF-8"?>
<!-- Generated by org.testng.reporters.JUnitReportReporter -->
<testsuite skipped="0" hostname="intel" name="Tests4.Test13_2_FooterJobs" tests="1" failures="0" timestamp="23 Jun 2017 09:14:31 GMT" time="25.821" errors="0">
  <testcase name="test" time="25.821" classname="Tests4.Test13_2_FooterJobs"/>
</testsuite> <!-- Tests4.Test13_2_FooterJobs -->
