<?xml version="1.0" encoding="UTF-8"?>
<!-- Generated by org.testng.reporters.JUnitReportReporter -->
<testsuite skipped="0" hostname="intel" name="Tests.Test6_3_CouponClickable" tests="1" failures="0" timestamp="10 May 2017 08:27:30 GMT" time="53.507" errors="0">
  <testcase name="test" time="53.507" classname="Tests.Test6_3_CouponClickable"/>
</testsuite> <!-- Tests.Test6_3_CouponClickable -->
