<?xml version="1.0" encoding="UTF-8"?>
<!-- Generated by org.testng.reporters.JUnitReportReporter -->
<testsuite skipped="0" hostname="intel" name="Tests2.Test10_1_Trending_All" tests="1" failures="0" timestamp="23 Jun 2017 09:14:32 GMT" time="33.975" errors="0">
  <testcase name="test" time="33.975" classname="Tests2.Test10_1_Trending_All"/>
</testsuite> <!-- Tests2.Test10_1_Trending_All -->
