<?xml version="1.0" encoding="UTF-8"?>
<!-- Generated by org.testng.reporters.JUnitReportReporter -->
<testsuite skipped="0" hostname="intel" name="Tests4.Test13_9_FooterMobileApp" tests="1" failures="0" timestamp="23 Jun 2017 09:14:32 GMT" time="37.889" errors="0">
  <testcase name="test" time="37.889" classname="Tests4.Test13_9_FooterMobileApp"/>
</testsuite> <!-- Tests4.Test13_9_FooterMobileApp -->
