<?xml version="1.0" encoding="UTF-8"?>
<!-- Generated by org.testng.reporters.JUnitReportReporter -->
<testsuite skipped="0" hostname="intel" name="Tests4.Test12_1_2_ProductSearchSortButtonLowHighPopular" tests="1" failures="0" timestamp="23 Jun 2017 09:14:32 GMT" time="134.449" errors="0">
  <testcase name="test" time="134.449" classname="Tests4.Test12_1_2_ProductSearchSortButtonLowHighPopular"/>
</testsuite> <!-- Tests4.Test12_1_2_ProductSearchSortButtonLowHighPopular -->
