<?xml version="1.0" encoding="UTF-8"?>
<!-- Generated by org.testng.reporters.JUnitReportReporter -->
<testsuite skipped="0" hostname="intel" name="Tests.Test6_7_CategorySeeCoupon" tests="1" failures="0" timestamp="04 May 2017 09:05:21 GMT" time="50.720" errors="0">
  <testcase name="test" time="50.720" classname="Tests.Test6_7_CategorySeeCoupon"/>
</testsuite> <!-- Tests.Test6_7_CategorySeeCoupon -->
