<?xml version="1.0" encoding="UTF-8"?>
<!-- Generated by org.testng.reporters.JUnitReportReporter -->
<testsuite skipped="0" hostname="intel" name="Tests.Test4_4_FB_NewAccountButton_Clickable" tests="1" failures="0" timestamp="23 Jun 2017 09:14:32 GMT" time="41.752" errors="0">
  <testcase name="test4" time="41.752" classname="Tests.Test4_4_FB_NewAccountButton_Clickable"/>
</testsuite> <!-- Tests.Test4_4_FB_NewAccountButton_Clickable -->
