<?xml version="1.0" encoding="UTF-8"?>
<!-- Generated by org.testng.reporters.JUnitReportReporter -->
<testsuite skipped="0" hostname="intel" name="Tests4.Test13_8_FooterFeedback" tests="1" failures="0" timestamp="23 Jun 2017 09:14:31 GMT" time="23.233" errors="0">
  <testcase name="test" time="23.233" classname="Tests4.Test13_8_FooterFeedback"/>
</testsuite> <!-- Tests4.Test13_8_FooterFeedback -->
