<?xml version="1.0" encoding="UTF-8"?>
<!-- Generated by org.testng.reporters.JUnitReportReporter -->
<testsuite skipped="0" hostname="intel" name="Tests.Test5_7_HotDeals" tests="1" failures="0" timestamp="23 Jun 2017 09:14:32 GMT" time="35.627" errors="0">
  <testcase name="test" time="35.627" classname="Tests.Test5_7_HotDeals"/>
</testsuite> <!-- Tests.Test5_7_HotDeals -->
