<?xml version="1.0" encoding="UTF-8"?>
<!-- Generated by org.testng.reporters.JUnitReportReporter -->
<testsuite skipped="0" hostname="intel" name="Tests1.Test6_5_ViewAllCategories" tests="1" failures="0" timestamp="23 Jun 2017 09:14:31 GMT" time="57.523" errors="0">
  <testcase name="test" time="57.523" classname="Tests1.Test6_5_ViewAllCategories"/>
</testsuite> <!-- Tests1.Test6_5_ViewAllCategories -->
