<?xml version="1.0" encoding="UTF-8"?>
<!-- Generated by org.testng.reporters.JUnitReportReporter -->
<testsuite skipped="0" hostname="intel" name="Tests.Test8_1_AskQuestion" tests="1" failures="0" timestamp="08 May 2017 07:40:08 GMT" time="56.317" errors="0">
  <testcase name="test" time="56.317" classname="Tests.Test8_1_AskQuestion"/>
</testsuite> <!-- Tests.Test8_1_AskQuestion -->
