<?xml version="1.0" encoding="UTF-8"?>
<!-- Generated by org.testng.reporters.JUnitReportReporter -->
<testsuite skipped="0" hostname="intel" name="Tests2.Test9_3_Offerzone_Electronics" tests="1" failures="0" timestamp="23 Jun 2017 09:14:32 GMT" time="39.727" errors="0">
  <testcase name="test" time="39.727" classname="Tests2.Test9_3_Offerzone_Electronics"/>
</testsuite> <!-- Tests2.Test9_3_Offerzone_Electronics -->
