<?xml version="1.0" encoding="UTF-8"?>
<!-- Generated by org.testng.reporters.JUnitReportReporter -->
<testsuite skipped="0" hostname="intel" name="Tests.Test6_4_SeeCouponButton" tests="1" failures="0" timestamp="10 May 2017 10:13:43 GMT" time="103.974" errors="0">
  <testcase name="test" time="103.974" classname="Tests.Test6_4_SeeCouponButton"/>
</testsuite> <!-- Tests.Test6_4_SeeCouponButton -->
