<?xml version="1.0" encoding="UTF-8"?>
<!-- Generated by org.testng.reporters.JUnitReportReporter -->
<testsuite skipped="0" hostname="intel" name="Tests.Test4_1_FB_Login_Logout" tests="1" failures="0" timestamp="23 Jun 2017 09:14:32 GMT" time="64.144" errors="0">
  <testcase name="test4" time="64.144" classname="Tests.Test4_1_FB_Login_Logout"/>
</testsuite> <!-- Tests.Test4_1_FB_Login_Logout -->
