<?xml version="1.0" encoding="UTF-8"?>
<!-- Generated by org.testng.reporters.JUnitReportReporter -->
<testsuite skipped="0" hostname="intel" name="Tests.Test2_1_SearchButton" tests="1" failures="0" timestamp="23 Jun 2017 09:14:32 GMT" time="41.280" errors="0">
  <testcase name="test2" time="41.280" classname="Tests.Test2_1_SearchButton"/>
</testsuite> <!-- Tests.Test2_1_SearchButton -->
