<?xml version="1.0" encoding="UTF-8"?>
<!-- Generated by org.testng.reporters.JUnitReportReporter -->
<testsuite skipped="0" hostname="intel" name="Tests3.Test11_10_MyAlertsSubscriptionSaveChanges" tests="1" failures="0" timestamp="26 Jun 2017 07:46:40 GMT" time="163.840" errors="0">
  <testcase name="test" time="163.840" classname="Tests3.Test11_10_MyAlertsSubscriptionSaveChanges"/>
</testsuite> <!-- Tests3.Test11_10_MyAlertsSubscriptionSaveChanges -->
