<?xml version="1.0" encoding="UTF-8"?>
<!-- Generated by org.testng.reporters.JUnitReportReporter -->
<testsuite skipped="0" hostname="intel" name="Tests.Test5_5_MiniCarousals" tests="1" failures="0" timestamp="23 Jun 2017 09:14:32 GMT" time="31.960" errors="0">
  <testcase name="test" time="31.960" classname="Tests.Test5_5_MiniCarousals"/>
</testsuite> <!-- Tests.Test5_5_MiniCarousals -->
