<?xml version="1.0" encoding="UTF-8"?>
<!-- Generated by org.testng.reporters.JUnitReportReporter -->
<testsuite skipped="0" hostname="intel" name="Tests2.Test9_7_Offerzone_KidsToys" tests="1" failures="0" timestamp="23 Jun 2017 09:14:32 GMT" time="68.913" errors="0">
  <testcase name="test" time="68.913" classname="Tests2.Test9_7_Offerzone_KidsToys"/>
</testsuite> <!-- Tests2.Test9_7_Offerzone_KidsToys -->
