<?xml version="1.0" encoding="UTF-8"?>
<!-- Generated by org.testng.reporters.JUnitReportReporter -->
<testsuite skipped="0" hostname="intel" name="Tests.Test7_3_TrendingDealsClickable" tests="1" failures="0" timestamp="05 May 2017 08:37:30 GMT" time="44.382" errors="0">
  <testcase name="test" time="44.382" classname="Tests.Test7_3_TrendingDealsClickable"/>
</testsuite> <!-- Tests.Test7_3_TrendingDealsClickable -->
