<?xml version="1.0" encoding="UTF-8"?>
<!-- Generated by org.testng.reporters.JUnitReportReporter -->
<testsuite skipped="0" hostname="intel" name="Tests2.Test10_2_Trending_Mobiles" tests="1" failures="0" timestamp="23 Jun 2017 10:03:19 GMT" time="45.253" errors="0">
  <testcase name="test" time="45.253" classname="Tests2.Test10_2_Trending_Mobiles"/>
</testsuite> <!-- Tests2.Test10_2_Trending_Mobiles -->
