<?xml version="1.0" encoding="UTF-8"?>
<!-- Generated by org.testng.reporters.JUnitReportReporter -->
<testsuite skipped="0" hostname="intel" name="Tests.Test4_2_FB_Logout_Homepage" tests="1" failures="0" timestamp="23 Jun 2017 09:14:32 GMT" time="61.135" errors="0">
  <testcase name="test4" time="61.135" classname="Tests.Test4_2_FB_Logout_Homepage"/>
</testsuite> <!-- Tests.Test4_2_FB_Logout_Homepage -->
