<?xml version="1.0" encoding="UTF-8"?>
<!-- Generated by org.testng.reporters.JUnitReportReporter -->
<testsuite skipped="0" hostname="intel" name="Tests2.Test10_7_Trending_KidsToys" tests="1" failures="0" timestamp="23 Jun 2017 09:14:31 GMT" time="33.027" errors="0">
  <testcase name="test" time="33.027" classname="Tests2.Test10_7_Trending_KidsToys"/>
</testsuite> <!-- Tests2.Test10_7_Trending_KidsToys -->
