<?xml version="1.0" encoding="UTF-8"?>
<!-- Generated by org.testng.reporters.JUnitReportReporter -->
<testsuite skipped="0" hostname="intel" name="Tests3.Test11_8_SpecificationsPriceTrends" tests="1" failures="0" timestamp="23 Jun 2017 09:14:32 GMT" time="69.833" errors="0">
  <testcase name="test" time="69.833" classname="Tests3.Test11_8_SpecificationsPriceTrends"/>
</testsuite> <!-- Tests3.Test11_8_SpecificationsPriceTrends -->
