<?xml version="1.0" encoding="UTF-8"?>
<!-- Generated by org.testng.reporters.JUnitReportReporter -->
<testsuite skipped="0" hostname="intel" name="Tests.Test6_2_ViewAllStores" tests="1" failures="0" timestamp="10 May 2017 08:27:30 GMT" time="35.607" errors="0">
  <testcase name="test" time="35.607" classname="Tests.Test6_2_ViewAllStores"/>
</testsuite> <!-- Tests.Test6_2_ViewAllStores -->
