<?xml version="1.0" encoding="UTF-8"?>
<!-- Generated by org.testng.reporters.JUnitReportReporter -->
<testsuite skipped="0" hostname="intel" name="Tests.Test2_4_CouponsIcon" tests="1" failures="0" timestamp="23 Jun 2017 09:14:32 GMT" time="12.566" errors="0">
  <testcase name="test2" time="12.566" classname="Tests.Test2_4_CouponsIcon"/>
</testsuite> <!-- Tests.Test2_4_CouponsIcon -->
