<?xml version="1.0" encoding="UTF-8"?>
<!-- Generated by org.testng.reporters.JUnitReportReporter -->
<testsuite skipped="0" hostname="intel" name="Tests3.Test11_4_ProductMultipleImages" tests="1" failures="0" timestamp="23 Jun 2017 09:14:31 GMT" time="60.300" errors="0">
  <testcase name="test" time="60.300" classname="Tests3.Test11_4_ProductMultipleImages"/>
</testsuite> <!-- Tests3.Test11_4_ProductMultipleImages -->
