<?xml version="1.0" encoding="UTF-8"?>
<!-- Generated by org.testng.reporters.JUnitReportReporter -->
<testsuite skipped="0" hostname="intel" name="Tests3.Test11_14_PeopleLookingFor" tests="1" failures="0" timestamp="23 Jun 2017 09:14:32 GMT" time="67.774" errors="0">
  <testcase name="test" time="67.774" classname="Tests3.Test11_14_PeopleLookingFor"/>
</testsuite> <!-- Tests3.Test11_14_PeopleLookingFor -->
