<?xml version="1.0" encoding="UTF-8"?>
<!-- Generated by org.testng.reporters.JUnitReportReporter -->
<testsuite skipped="0" hostname="intel" name="Tests.Test7_2_TrendingChecked" tests="1" failures="0" timestamp="05 May 2017 07:37:05 GMT" time="40.341" errors="0">
  <testcase name="test" time="40.341" classname="Tests.Test7_2_TrendingChecked"/>
</testsuite> <!-- Tests.Test7_2_TrendingChecked -->
