<?xml version="1.0" encoding="UTF-8"?>
<!-- Generated by org.testng.reporters.JUnitReportReporter -->
<testsuite skipped="0" hostname="intel" name="Tests1.Test6_7_CategorySeeCoupon" tests="1" failures="0" timestamp="23 Jun 2017 09:14:32 GMT" time="91.123" errors="0">
  <testcase name="test" time="91.123" classname="Tests1.Test6_7_CategorySeeCoupon"/>
</testsuite> <!-- Tests1.Test6_7_CategorySeeCoupon -->
