<?xml version="1.0" encoding="UTF-8"?>
<!-- Generated by org.testng.reporters.JUnitReportReporter -->
<testsuite skipped="0" hostname="intel" name="Tests1.Test7_2_TrendingChecked" tests="1" failures="0" timestamp="23 Jun 2017 09:14:32 GMT" time="130.137" errors="0">
  <testcase name="test" time="130.137" classname="Tests1.Test7_2_TrendingChecked"/>
</testsuite> <!-- Tests1.Test7_2_TrendingChecked -->
