<?xml version="1.0" encoding="UTF-8"?>
<!-- Generated by org.testng.reporters.JUnitReportReporter -->
<testsuite skipped="0" hostname="intel" name="Tests.Scandid_Logo" tests="1" failures="0" timestamp="23 Jun 2017 09:14:31 GMT" time="10.888" errors="0">
  <testcase name="testScandidLogo" time="10.888" classname="Tests.Scandid_Logo"/>
</testsuite> <!-- Tests.Scandid_Logo -->
