<?xml version="1.0" encoding="UTF-8"?>
<!-- Generated by org.testng.reporters.JUnitReportReporter -->
<testsuite skipped="0" hostname="intel" name="Tests2.Test9_1_Offerzone_All" tests="1" failures="0" timestamp="23 Jun 2017 09:14:32 GMT" time="25.261" errors="0">
  <testcase name="test" time="25.261" classname="Tests2.Test9_1_Offerzone_All"/>
</testsuite> <!-- Tests2.Test9_1_Offerzone_All -->
