<?xml version="1.0" encoding="UTF-8"?>
<!-- Generated by org.testng.reporters.JUnitReportReporter -->
<testsuite skipped="0" hostname="intel" name="Tests.Test6_9_HotDeals" tests="1" failures="0" timestamp="24 Jul 2017 07:34:08 GMT" time="20.123" errors="0">
  <testcase name="test2" time="20.123" classname="Tests.Test6_9_HotDeals"/>
</testsuite> <!-- Tests.Test6_9_HotDeals -->
