<?xml version="1.0" encoding="UTF-8"?>
<!-- Generated by org.testng.reporters.JUnitReportReporter -->
<testsuite skipped="0" hostname="intel" name="Tests2.Test10_3_FooterCareers" tests="1" failures="0" timestamp="12 Aug 2017 08:19:20 GMT" time="63.471" errors="0">
  <testcase name="test2" time="63.471" classname="Tests2.Test10_3_FooterCareers"/>
</testsuite> <!-- Tests2.Test10_3_FooterCareers -->
