<?xml version="1.0" encoding="UTF-8"?>
<!-- Generated by org.testng.reporters.JUnitReportReporter -->
<testsuite skipped="0" hostname="intel" name="Tests1.Test7_4_AddToWishlistButton" tests="1" failures="0" timestamp="28 Jul 2017 07:17:14 GMT" time="66.271" errors="0">
  <testcase name="test2" time="66.271" classname="Tests1.Test7_4_AddToWishlistButton"/>
</testsuite> <!-- Tests1.Test7_4_AddToWishlistButton -->
