<?xml version="1.0" encoding="UTF-8"?>
<!-- Generated by org.testng.reporters.JUnitReportReporter -->
<testsuite skipped="0" hostname="intel" name="Tests1.Test7_9_RelatedProducts" tests="1" failures="0" timestamp="31 Jul 2017 07:52:46 GMT" time="65.545" errors="0">
  <testcase name="test2" time="65.545" classname="Tests1.Test7_9_RelatedProducts"/>
</testsuite> <!-- Tests1.Test7_9_RelatedProducts -->
