<?xml version="1.0" encoding="UTF-8"?>
<!-- Generated by org.testng.reporters.JUnitReportReporter -->
<testsuite skipped="0" hostname="intel" name="Tests2.Test10_14_FooterShipment" tests="1" failures="0" timestamp="17 Aug 2017 09:05:21 GMT" time="50.271" errors="0">
  <testcase name="test2" time="50.271" classname="Tests2.Test10_14_FooterShipment"/>
</testsuite> <!-- Tests2.Test10_14_FooterShipment -->
