<?xml version="1.0" encoding="UTF-8"?>
<!-- Generated by org.testng.reporters.JUnitReportReporter -->
<testsuite skipped="0" hostname="intel" name="Tests1.Test7_10_ShowMoreLessOffersClickable" tests="1" failures="0" timestamp="31 Jul 2017 08:02:45 GMT" time="64.424" errors="0">
  <testcase name="test2" time="64.424" classname="Tests1.Test7_10_ShowMoreLessOffersClickable"/>
</testsuite> <!-- Tests1.Test7_10_ShowMoreLessOffersClickable -->
