<?xml version="1.0" encoding="UTF-8"?>
<!-- Generated by org.testng.reporters.JUnitReportReporter -->
<testsuite skipped="0" hostname="intel" name="Tests1.Test7_11_HomeLinkClickable" tests="1" failures="0" timestamp="31 Jul 2017 08:09:04 GMT" time="74.061" errors="0">
  <testcase name="test2" time="74.061" classname="Tests1.Test7_11_HomeLinkClickable"/>
</testsuite> <!-- Tests1.Test7_11_HomeLinkClickable -->
