<?xml version="1.0" encoding="UTF-8"?>
<!-- Generated by org.testng.reporters.JUnitReportReporter -->
<testsuite skipped="0" hostname="intel" name="Tests2.Test10_2_FooterAboutUs" tests="1" failures="0" timestamp="12 Aug 2017 08:06:16 GMT" time="51.780" errors="0">
  <testcase name="test2" time="51.780" classname="Tests2.Test10_2_FooterAboutUs"/>
</testsuite> <!-- Tests2.Test10_2_FooterAboutUs -->
