<?xml version="1.0" encoding="UTF-8"?>
<!-- Generated by org.testng.reporters.JUnitReportReporter -->
<testsuite skipped="0" hostname="intel" name="Tests1.Test7_6_FacebookTwitterButtons" tests="1" failures="0" timestamp="28 Jul 2017 07:39:28 GMT" time="88.989" errors="0">
  <testcase name="test2" time="88.989" classname="Tests1.Test7_6_FacebookTwitterButtons"/>
</testsuite> <!-- Tests1.Test7_6_FacebookTwitterButtons -->
