<?xml version="1.0" encoding="UTF-8"?>
<!-- Generated by org.testng.reporters.JUnitReportReporter -->
<testsuite skipped="0" hostname="intel" name="Tests1.Test7_2_Specifications" tests="1" failures="0" timestamp="27 Jul 2017 08:06:27 GMT" time="66.975" errors="0">
  <testcase name="test2" time="66.975" classname="Tests1.Test7_2_Specifications"/>
</testsuite> <!-- Tests1.Test7_2_Specifications -->
