<?xml version="1.0" encoding="UTF-8"?>
<!-- Generated by org.testng.reporters.JUnitReportReporter -->
<testsuite skipped="0" hostname="intel" name="Tests.Test6_14_QuickLinks" tests="1" failures="0" timestamp="25 Jul 2017 07:44:17 GMT" time="72.734" errors="0">
  <testcase name="test2" time="72.734" classname="Tests.Test6_14_QuickLinks"/>
</testsuite> <!-- Tests.Test6_14_QuickLinks -->
