<?xml version="1.0" encoding="UTF-8"?>
<!-- Generated by org.testng.reporters.JUnitReportReporter -->
<testsuite skipped="0" hostname="intel" name="Tests1.Test7_5_ProductImage" tests="1" failures="0" timestamp="28 Jul 2017 07:27:05 GMT" time="79.231" errors="0">
  <testcase name="test2" time="79.231" classname="Tests1.Test7_5_ProductImage"/>
</testsuite> <!-- Tests1.Test7_5_ProductImage -->
