<?xml version="1.0" encoding="UTF-8"?>
<!-- Generated by org.testng.reporters.JUnitReportReporter -->
<testsuite skipped="0" hostname="intel" name="Tests2.Test10_9_FooterRechargeOffers" tests="1" failures="0" timestamp="16 Aug 2017 08:33:03 GMT" time="40.288" errors="0">
  <testcase name="test2" time="40.288" classname="Tests2.Test10_9_FooterRechargeOffers"/>
</testsuite> <!-- Tests2.Test10_9_FooterRechargeOffers -->
