<?xml version="1.0" encoding="UTF-8"?>
<!-- Generated by org.testng.reporters.JUnitReportReporter -->
<testsuite skipped="0" hostname="intel" name="Tests2.Test10_10_FooterOfferZone" tests="1" failures="0" timestamp="16 Aug 2017 08:38:37 GMT" time="50.271" errors="0">
  <testcase name="test2" time="50.271" classname="Tests2.Test10_10_FooterOfferZone"/>
</testsuite> <!-- Tests2.Test10_10_FooterOfferZone -->
