<?xml version="1.0" encoding="UTF-8"?>
<!-- Generated by org.testng.reporters.JUnitReportReporter -->
<testsuite skipped="0" hostname="intel" name="Tests2.Test10_7_FooterPartners" tests="1" failures="0" timestamp="12 Aug 2017 09:17:04 GMT" time="40.281" errors="0">
  <testcase name="test2" time="40.281" classname="Tests2.Test10_7_FooterPartners"/>
</testsuite> <!-- Tests2.Test10_7_FooterPartners -->
