<?xml version="1.0" encoding="UTF-8"?>
<!-- Generated by org.testng.reporters.JUnitReportReporter -->
<testsuite skipped="0" hostname="intel" name="Tests1.Test7_1_ComparePricesButton" tests="1" failures="0" timestamp="27 Jul 2017 07:58:13 GMT" time="64.506" errors="0">
  <testcase name="test2" time="64.506" classname="Tests1.Test7_1_ComparePricesButton"/>
</testsuite> <!-- Tests1.Test7_1_ComparePricesButton -->
