<?xml version="1.0" encoding="UTF-8"?>
<!-- Generated by org.testng.reporters.JUnitReportReporter -->
<testsuite skipped="0" hostname="intel" name="Tests.Test5_1_LoginLogout" tests="1" failures="0" timestamp="17 Jul 2017 07:53:12 GMT" time="63.584" errors="0">
  <testcase name="test2" time="63.584" classname="Tests.Test5_1_LoginLogout"/>
</testsuite> <!-- Tests.Test5_1_LoginLogout -->
