<?xml version="1.0" encoding="UTF-8"?>
<!-- Generated by org.testng.reporters.JUnitReportReporter -->
<testsuite skipped="0" hostname="intel" name="Tests.Test2_1_PaybackLogo" tests="1" failures="0" timestamp="14 Jul 2017 08:29:40 GMT" time="30.142" errors="0">
  <testcase name="test2" time="30.142" classname="Tests.Test2_1_PaybackLogo"/>
</testsuite> <!-- Tests.Test2_1_PaybackLogo -->
