<?xml version="1.0" encoding="UTF-8"?>
<!-- Generated by org.testng.reporters.JUnitReportReporter -->
<testsuite skipped="0" hostname="intel" name="Tests.Test6_7_OnlinePartners" tests="1" failures="0" timestamp="24 Jul 2017 07:09:52 GMT" time="30.400" errors="0">
  <testcase name="test2" time="30.400" classname="Tests.Test6_7_OnlinePartners"/>
</testsuite> <!-- Tests.Test6_7_OnlinePartners -->
