<?xml version="1.0" encoding="UTF-8"?>
<!-- Generated by org.testng.reporters.JUnitReportReporter -->
<testsuite skipped="0" hostname="intel" name="Tests.Test6_2_FrequentlySearchedLink" tests="1" failures="0" timestamp="18 Jul 2017 09:02:21 GMT" time="30.201" errors="0">
  <testcase name="test2" time="30.201" classname="Tests.Test6_2_FrequentlySearchedLink"/>
</testsuite> <!-- Tests.Test6_2_FrequentlySearchedLink -->
