<?xml version="1.0" encoding="UTF-8"?>
<!-- Generated by org.testng.reporters.JUnitReportReporter -->
<testsuite skipped="0" hostname="intel" name="Tests.Test6_1_CategoriesLinkApplePhone" tests="1" failures="0" timestamp="18 Jul 2017 08:54:14 GMT" time="35.421" errors="0">
  <testcase name="test2" time="35.421" classname="Tests.Test6_1_CategoriesLinkApplePhone"/>
</testsuite> <!-- Tests.Test6_1_CategoriesLinkApplePhone -->
