<?xml version="1.0" encoding="UTF-8"?>
<!-- Generated by org.testng.reporters.JUnitReportReporter -->
<testsuite skipped="0" hostname="intel" name="Tests2.Test10_13_FooterUserAccount" tests="1" failures="0" timestamp="17 Aug 2017 09:01:31 GMT" time="50.269" errors="0">
  <testcase name="test2" time="50.269" classname="Tests2.Test10_13_FooterUserAccount"/>
</testsuite> <!-- Tests2.Test10_13_FooterUserAccount -->
