<?xml version="1.0" encoding="UTF-8"?>
<!-- Generated by org.testng.reporters.JUnitReportReporter -->
<testsuite skipped="0" hostname="intel" name="Tests.Test3_1_SearchMenuButton" tests="1" failures="0" timestamp="14 Jul 2017 08:53:25 GMT" time="45.741" errors="0">
  <testcase name="test2" time="45.741" classname="Tests.Test3_1_SearchMenuButton"/>
</testsuite> <!-- Tests.Test3_1_SearchMenuButton -->
