<?xml version="1.0" encoding="UTF-8"?>
<!-- Generated by org.testng.reporters.JUnitReportReporter -->
<testsuite skipped="0" hostname="intel" name="Tests2.Test10_5_OnlineShopping" tests="1" failures="0" timestamp="12 Aug 2017 08:39:29 GMT" time="40.257" errors="0">
  <testcase name="test2" time="40.257" classname="Tests2.Test10_5_OnlineShopping"/>
</testsuite> <!-- Tests2.Test10_5_OnlineShopping -->
