<?xml version="1.0" encoding="UTF-8"?>
<!-- Generated by org.testng.reporters.JUnitReportReporter -->
<testsuite skipped="0" hostname="intel" name="Tests.Test6_10_FeaturedBooks" tests="1" failures="0" timestamp="27 Jul 2017 07:37:53 GMT" time="30.128" errors="0">
  <testcase name="test2" time="30.128" classname="Tests.Test6_10_FeaturedBooks"/>
</testsuite> <!-- Tests.Test6_10_FeaturedBooks -->
