<?xml version="1.0" encoding="UTF-8"?>
<!-- Generated by org.testng.reporters.JUnitReportReporter -->
<testsuite skipped="0" hostname="intel" name="Tests.Test1_1_BingoLink" tests="1" failures="0" timestamp="12 Jul 2017 08:57:05 GMT" time="30.122" errors="0">
  <testcase name="test2" time="30.122" classname="Tests.Test1_1_BingoLink"/>
</testsuite> <!-- Tests.Test1_1_BingoLink -->
