<?xml version="1.0" encoding="UTF-8"?>
<!-- Generated by org.testng.reporters.JUnitReportReporter -->
<testsuite skipped="0" hostname="intel" name="Tests.Test6_11_TelevisionDeals" tests="1" failures="0" timestamp="31 Jul 2017 08:15:12 GMT" time="30.125" errors="0">
  <testcase name="test2" time="30.125" classname="Tests.Test6_11_TelevisionDeals"/>
</testsuite> <!-- Tests.Test6_11_TelevisionDeals -->
