<?xml version="1.0" encoding="UTF-8"?>
<!-- Generated by org.testng.reporters.JUnitReportReporter -->
<testsuite skipped="0" hostname="intel" name="Tests2.Test10_1_FooterContactUs" tests="1" failures="0" timestamp="12 Aug 2017 07:55:42 GMT" time="58.405" errors="0">
  <testcase name="test2" time="58.405" classname="Tests2.Test10_1_FooterContactUs"/>
</testsuite> <!-- Tests2.Test10_1_FooterContactUs -->
