<?xml version="1.0" encoding="UTF-8"?>
<!-- Generated by org.testng.reporters.JUnitReportReporter -->
<testsuite skipped="0" hostname="intel" name="Tests2.Test10_8_FooterStoreLocator" tests="1" failures="0" timestamp="12 Aug 2017 09:21:27 GMT" time="40.230" errors="0">
  <testcase name="test2" time="40.230" classname="Tests2.Test10_8_FooterStoreLocator"/>
</testsuite> <!-- Tests2.Test10_8_FooterStoreLocator -->
