<?xml version="1.0" encoding="UTF-8"?>
<!-- Generated by org.testng.reporters.JUnitReportReporter -->
<testsuite skipped="0" hostname="intel" name="Tests2.Test10_6_FooterRewards" tests="1" failures="0" timestamp="12 Aug 2017 08:49:00 GMT" time="40.247" errors="0">
  <testcase name="test2" time="40.247" classname="Tests2.Test10_6_FooterRewards"/>
</testsuite> <!-- Tests2.Test10_6_FooterRewards -->
