<?xml version="1.0" encoding="UTF-8"?>
<!-- Generated by org.testng.reporters.JUnitReportReporter -->
<testsuite skipped="0" hostname="intel" name="Tests.Test6_4_FacebookTwitterButtons" tests="1" failures="0" timestamp="21 Jul 2017 07:47:22 GMT" time="71.139" errors="0">
  <testcase name="test2" time="71.139" classname="Tests.Test6_4_FacebookTwitterButtons"/>
</testsuite> <!-- Tests.Test6_4_FacebookTwitterButtons -->
