<?xml version="1.0" encoding="UTF-8"?>
<!-- Generated by org.testng.reporters.JUnitReportReporter -->
<testsuite skipped="0" hostname="intel" name="Tests1.Test7_3_AvailableFromMerchantLink" tests="1" failures="0" timestamp="27 Jul 2017 08:11:45 GMT" time="74.980" errors="0">
  <testcase name="test2" time="74.980" classname="Tests1.Test7_3_AvailableFromMerchantLink"/>
</testsuite> <!-- Tests1.Test7_3_AvailableFromMerchantLink -->
