<?xml version="1.0" encoding="UTF-8"?>
<!-- Generated by org.testng.reporters.JUnitReportReporter -->
<testsuite skipped="0" hostname="intel" name="Tests1.Test7_12_GoToTopButton" tests="1" failures="0" timestamp="31 Jul 2017 08:43:32 GMT" time="70.557" errors="0">
  <testcase name="test2" time="70.557" classname="Tests1.Test7_12_GoToTopButton"/>
</testsuite> <!-- Tests1.Test7_12_GoToTopButton -->
