<?xml version="1.0" encoding="UTF-8"?>
<!-- Generated by org.testng.reporters.JUnitReportReporter -->
<testsuite skipped="0" hostname="intel" name="Tests.Test6_3_OfferzoneOffersRechargeCoupons" tests="1" failures="0" timestamp="19 Jul 2017 08:29:20 GMT" time="80.429" errors="0">
  <testcase name="test2" time="80.429" classname="Tests.Test6_3_OfferzoneOffersRechargeCoupons"/>
</testsuite> <!-- Tests.Test6_3_OfferzoneOffersRechargeCoupons -->
