<?xml version="1.0" encoding="UTF-8"?>
<!-- Generated by org.testng.reporters.JUnitReportReporter -->
<testsuite skipped="0" hostname="intel" name="Tests2.Test10_12_FooterPrivacyPolicy" tests="1" failures="0" timestamp="16 Aug 2017 08:52:44 GMT" time="50.274" errors="0">
  <testcase name="test2" time="50.274" classname="Tests2.Test10_12_FooterPrivacyPolicy"/>
</testsuite> <!-- Tests2.Test10_12_FooterPrivacyPolicy -->
