<?xml version="1.0" encoding="UTF-8"?>
<!-- Generated by org.testng.reporters.JUnitReportReporter -->
<testsuite skipped="0" hostname="intel" name="Tests1.Test7_7_ShopNowButton" tests="1" failures="0" timestamp="31 Jul 2017 07:42:22 GMT" time="76.075" errors="0">
  <testcase name="test2" time="76.075" classname="Tests1.Test7_7_ShopNowButton"/>
</testsuite> <!-- Tests1.Test7_7_ShopNowButton -->
