<?xml version="1.0" encoding="UTF-8"?>
<!-- Generated by org.testng.reporters.JUnitReportReporter -->
<testsuite skipped="0" hostname="intel" name="Tests2.Test10_4_FooterFAQ" tests="1" failures="0" timestamp="12 Aug 2017 08:27:55 GMT" time="60.260" errors="0">
  <testcase name="test2" time="60.260" classname="Tests2.Test10_4_FooterFAQ"/>
</testsuite> <!-- Tests2.Test10_4_FooterFAQ -->
